<?xml version="1.0" encoding="UTF-8"?>
<!-- Generated by org.testng.reporters.JUnitReportReporter -->
<testsuite hostname="DESKTOP-B42OBSA" name="com.test.first.sampleTest.FirstExampleTest" tests="1" failures="0" timestamp="26 Nov 2016 21:08:15 GMT" time="0.000" errors="0">
  <testcase name="test" time="0.000" classname="com.test.first.sampleTest.FirstExampleTest"/>
</testsuite> <!-- com.test.first.sampleTest.FirstExampleTest -->
