<?xml version="1.0" encoding="UTF-8"?>
<!-- Generated by org.testng.reporters.JUnitReportReporter -->
<testsuite skipped="0" hostname="DESKTOP-B42OBSA" name="com.test.first.sampleTest.FirstExampleTest" tests="1" failures="0" timestamp="26 Nov 2016 19:37:51 GMT" time="0.015" errors="0">
  <testcase name="test" time="0.015" classname="com.test.first.sampleTest.FirstExampleTest"/>
</testsuite> <!-- com.test.first.sampleTest.FirstExampleTest -->
