<?xml version="1.0" encoding="UTF-8"?>
<!-- Generated by org.testng.reporters.JUnitReportReporter -->
<testsuite skipped="0" hostname="DESKTOP-B42OBSA" name="com.test.first.sampleTest.LoginTest" tests="1" failures="0" timestamp="26 Nov 2016 21:59:59 GMT" time="6.231" errors="0">
  <testcase name="disptitle" time="6.231" classname="com.test.first.sampleTest.LoginTest"/>
</testsuite> <!-- com.test.first.sampleTest.LoginTest -->
