<?xml version="1.0" encoding="UTF-8"?>
<!-- Generated by org.testng.reporters.JUnitReportReporter -->
<testsuite hostname="DESKTOP-B42OBSA" name="com.test.first.sampleTest.LoginTest" tests="1" failures="1" timestamp="26 Nov 2016 20:35:40 GMT" time="50.063" errors="0">
  <testcase name="setup" time="50.063" classname="com.test.first.sampleTest.LoginTest">
    <failure type="org.openqa.selenium.WebDriverException" message="Failed to connect to binary FirefoxBinary(C:\Program Files\Mozilla Firefox\firefox.exe) on port 7055; process output follows: 
\features\firefox@getpocket.com.xpi
1480192495602	addons.xpi	DEBUG	Calling bootstrap method startup on firefox@getpocket.com version 1.0.5
1480192495603	addons.xpi	DEBUG	Registering manifest for C:\Program Files\Mozilla Firefox\browser\features\webcompat@mozilla.org.xpi
1480192495604	addons.xpi	DEBUG	Calling bootstrap method startup on webcompat@mozilla.org version 1.0
1480192495606	addons.manager	DEBUG	Registering shutdown blocker for XPIProvider
1480192495606	addons.manager	DEBUG	Provider finished startup: XPIProvider
1480192495607	addons.manager	DEBUG	Starting provider: LightweightThemeManager
1480192495607	addons.manager	DEBUG	Registering shutdown blocker for LightweightThemeManager
1480192495607	addons.manager	DEBUG	Provider finished startup: LightweightThemeManager
1480192495607	addons.manager	DEBUG	Starting provider: GMPProvider
1480192495616	addons.manager	DEBUG	Registering shutdown blocker for GMPProvider
1480192495617	addons.manager	DEBUG	Provider finished startup: GMPProvider
1480192495617	addons.manager	DEBUG	Starting provider: PluginProvider
1480192495617	addons.manager	DEBUG	Registering shutdown blocker for PluginProvider
1480192495617	addons.manager	DEBUG	Provider finished startup: PluginProvider
1480192495618	addons.manager	DEBUG	Completed startup sequence
1480192497160	addons.manager	DEBUG	Starting provider: &lt;unnamed-provider&gt;
1480192497161	addons.manager	DEBUG	Registering shutdown blocker for &lt;unnamed-provider&gt;
1480192497161	addons.manager	DEBUG	Provider finished startup: &lt;unnamed-provider&gt;
1480192497421	DeferredSave.extensions.json	DEBUG	Write succeeded
1480192497422	addons.xpi-utils	DEBUG	XPI Database saved, setting schema version preference to 17
1480192497422	DeferredSave.extensions.json	DEBUG	Starting timer
1480192497443	addons.repository	DEBUG	No addons.json found.
1480192497444	DeferredSave.addons.json	DEBUG	Save changes
1480192497448	DeferredSave.addons.json	DEBUG	Starting timer
1480192497774	addons.manager	DEBUG	Starting provider: PreviousExperimentProvider
1480192497774	addons.manager	DEBUG	Registering shutdown blocker for PreviousExperimentProvider
1480192497774	addons.manager	DEBUG	Provider finished startup: PreviousExperimentProvider
1480192497782	DeferredSave.extensions.json	DEBUG	Starting write
1480192497785	DeferredSave.addons.json	DEBUG	Starting write
1480192497864	DeferredSave.extensions.json	DEBUG	Write succeeded
1480192497877	DeferredSave.addons.json	DEBUG	Write succeeded
JavaScript error: chrome://global/content/browser-child.js, line 332: NS_ERROR_MALFORMED_URI: Component returned failure code: 0x804b000a (NS_ERROR_MALFORMED_URI) [nsIWebNavigation.loadURIWithOptions]
1480192510090	addons.xpi	DEBUG	Calling bootstrap method shutdown on e10srollout@mozilla.org version 1.3
1480192510091	addons.xpi	DEBUG	Calling bootstrap method shutdown on firefox@getpocket.com version 1.0.5
1480192510092	addons.xpi	DEBUG	Calling bootstrap method shutdown on webcompat@mozilla.org version 1.0
[Child 6516] WARNING: pipe error: 109: file c:/builds/moz2_slave/m-beta-w32-0000000000000000000/build/src/ipc/chromium/src/chrome/common/ipc_channel_win.cc, line 346
[Child 6516] WARNING: pipe error: 109: file c:/builds/moz2_slave/m-beta-w32-0000000000000000000/build/src/ipc/chromium/src/chrome/common/ipc_channel_win.cc, line 346
1480192510598	addons.manager	DEBUG	shutdown
1480192510598	addons.manager	DEBUG	Calling shutdown blocker for XPIProvider
1480192510598	addons.xpi	DEBUG	shutdown
1480192510599	addons.xpi-utils	DEBUG	shutdown
1480192510599	addons.manager	DEBUG	Calling shutdown blocker for LightweightThemeManager
1480192510600	addons.manager	DEBUG	Calling shutdown blocker for GMPProvider
1480192510603	addons.manager	DEBUG	Calling shutdown blocker for PluginProvider
1480192510603	addons.manager	DEBUG	Calling shutdown blocker for &lt;unnamed-provider&gt;
1480192510606	addons.manager	DEBUG	Calling shutdown blocker for PreviousExperimentProvider
1480192510609	addons.xpi	DEBUG	Notifying XPI shutdown observers
1480192510615	addons.manager	DEBUG	Async provider shutdown done

Build info: version: &#039;2.53.1&#039;, revision: &#039;a36b8b1cd5757287168e54b817830adce9b0158d&#039;, time: &#039;2016-06-30 19:26:09&#039;
System info: host: &#039;DESKTOP-B42OBSA&#039;, ip: &#039;172.16.254.6&#039;, os.name: &#039;Windows 10&#039;, os.arch: &#039;x86&#039;, os.version: &#039;10.0&#039;, java.version: &#039;1.8.0_111&#039;
Driver info: driver.version: FirefoxDriver">
      <![CDATA[org.openqa.selenium.WebDriverException: Failed to connect to binary FirefoxBinary(C:\Program Files\Mozilla Firefox\firefox.exe) on port 7055; process output follows: 
\features\firefox@getpocket.com.xpi
1480192495602	addons.xpi	DEBUG	Calling bootstrap method startup on firefox@getpocket.com version 1.0.5
1480192495603	addons.xpi	DEBUG	Registering manifest for C:\Program Files\Mozilla Firefox\browser\features\webcompat@mozilla.org.xpi
1480192495604	addons.xpi	DEBUG	Calling bootstrap method startup on webcompat@mozilla.org version 1.0
1480192495606	addons.manager	DEBUG	Registering shutdown blocker for XPIProvider
1480192495606	addons.manager	DEBUG	Provider finished startup: XPIProvider
1480192495607	addons.manager	DEBUG	Starting provider: LightweightThemeManager
1480192495607	addons.manager	DEBUG	Registering shutdown blocker for LightweightThemeManager
1480192495607	addons.manager	DEBUG	Provider finished startup: LightweightThemeManager
1480192495607	addons.manager	DEBUG	Starting provider: GMPProvider
1480192495616	addons.manager	DEBUG	Registering shutdown blocker for GMPProvider
1480192495617	addons.manager	DEBUG	Provider finished startup: GMPProvider
1480192495617	addons.manager	DEBUG	Starting provider: PluginProvider
1480192495617	addons.manager	DEBUG	Registering shutdown blocker for PluginProvider
1480192495617	addons.manager	DEBUG	Provider finished startup: PluginProvider
1480192495618	addons.manager	DEBUG	Completed startup sequence
1480192497160	addons.manager	DEBUG	Starting provider: <unnamed-provider>
1480192497161	addons.manager	DEBUG	Registering shutdown blocker for <unnamed-provider>
1480192497161	addons.manager	DEBUG	Provider finished startup: <unnamed-provider>
1480192497421	DeferredSave.extensions.json	DEBUG	Write succeeded
1480192497422	addons.xpi-utils	DEBUG	XPI Database saved, setting schema version preference to 17
1480192497422	DeferredSave.extensions.json	DEBUG	Starting timer
1480192497443	addons.repository	DEBUG	No addons.json found.
1480192497444	DeferredSave.addons.json	DEBUG	Save changes
1480192497448	DeferredSave.addons.json	DEBUG	Starting timer
1480192497774	addons.manager	DEBUG	Starting provider: PreviousExperimentProvider
1480192497774	addons.manager	DEBUG	Registering shutdown blocker for PreviousExperimentProvider
1480192497774	addons.manager	DEBUG	Provider finished startup: PreviousExperimentProvider
1480192497782	DeferredSave.extensions.json	DEBUG	Starting write
1480192497785	DeferredSave.addons.json	DEBUG	Starting write
1480192497864	DeferredSave.extensions.json	DEBUG	Write succeeded
1480192497877	DeferredSave.addons.json	DEBUG	Write succeeded
JavaScript error: chrome://global/content/browser-child.js, line 332: NS_ERROR_MALFORMED_URI: Component returned failure code: 0x804b000a (NS_ERROR_MALFORMED_URI) [nsIWebNavigation.loadURIWithOptions]
1480192510090	addons.xpi	DEBUG	Calling bootstrap method shutdown on e10srollout@mozilla.org version 1.3
1480192510091	addons.xpi	DEBUG	Calling bootstrap method shutdown on firefox@getpocket.com version 1.0.5
1480192510092	addons.xpi	DEBUG	Calling bootstrap method shutdown on webcompat@mozilla.org version 1.0
[Child 6516] WARNING: pipe error: 109: file c:/builds/moz2_slave/m-beta-w32-0000000000000000000/build/src/ipc/chromium/src/chrome/common/ipc_channel_win.cc, line 346
[Child 6516] WARNING: pipe error: 109: file c:/builds/moz2_slave/m-beta-w32-0000000000000000000/build/src/ipc/chromium/src/chrome/common/ipc_channel_win.cc, line 346
1480192510598	addons.manager	DEBUG	shutdown
1480192510598	addons.manager	DEBUG	Calling shutdown blocker for XPIProvider
1480192510598	addons.xpi	DEBUG	shutdown
1480192510599	addons.xpi-utils	DEBUG	shutdown
1480192510599	addons.manager	DEBUG	Calling shutdown blocker for LightweightThemeManager
1480192510600	addons.manager	DEBUG	Calling shutdown blocker for GMPProvider
1480192510603	addons.manager	DEBUG	Calling shutdown blocker for PluginProvider
1480192510603	addons.manager	DEBUG	Calling shutdown blocker for <unnamed-provider>
1480192510606	addons.manager	DEBUG	Calling shutdown blocker for PreviousExperimentProvider
1480192510609	addons.xpi	DEBUG	Notifying XPI shutdown observers
1480192510615	addons.manager	DEBUG	Async provider shutdown done

Build info: version: '2.53.1', revision: 'a36b8b1cd5757287168e54b817830adce9b0158d', time: '2016-06-30 19:26:09'
System info: host: 'DESKTOP-B42OBSA', ip: '172.16.254.6', os.name: 'Windows 10', os.arch: 'x86', os.version: '10.0', java.version: '1.8.0_111'
Driver info: driver.version: FirefoxDriver
	at org.openqa.selenium.firefox.internal.NewProfileExtensionConnection.start(NewProfileExtensionConnection.java:125)
	at org.openqa.selenium.firefox.FirefoxDriver.startClient(FirefoxDriver.java:271)
	at org.openqa.selenium.remote.RemoteWebDriver.<init>(RemoteWebDriver.java:119)
	at org.openqa.selenium.firefox.FirefoxDriver.<init>(FirefoxDriver.java:216)
	at org.openqa.selenium.firefox.FirefoxDriver.<init>(FirefoxDriver.java:211)
	at org.openqa.selenium.firefox.FirefoxDriver.<init>(FirefoxDriver.java:207)
	at org.openqa.selenium.firefox.FirefoxDriver.<init>(FirefoxDriver.java:120)
	at com.test.first.sampleTest.LoginTest.setup(LoginTest.java:24)
	at sun.reflect.NativeMethodAccessorImpl.invoke0(Native Method)
	at sun.reflect.NativeMethodAccessorImpl.invoke(NativeMethodAccessorImpl.java:62)
	at sun.reflect.DelegatingMethodAccessorImpl.invoke(DelegatingMethodAccessorImpl.java:43)
	at java.lang.reflect.Method.invoke(Method.java:498)
	at org.testng.internal.MethodInvocationHelper.invokeMethod(MethodInvocationHelper.java:80)
	at org.testng.internal.Invoker.invokeMethod(Invoker.java:714)
	at org.testng.internal.Invoker.invokeTestMethod(Invoker.java:901)
	at org.testng.internal.Invoker.invokeTestMethods(Invoker.java:1231)
	at org.testng.internal.TestMethodWorker.invokeTestMethods(TestMethodWorker.java:127)
	at org.testng.internal.TestMethodWorker.run(TestMethodWorker.java:111)
	at org.testng.TestRunner.privateRun(TestRunner.java:767)
	at org.testng.TestRunner.run(TestRunner.java:617)
	at org.testng.SuiteRunner.runTest(SuiteRunner.java:334)
	at org.testng.SuiteRunner.runSequentially(SuiteRunner.java:329)
	at org.testng.SuiteRunner.privateRun(SuiteRunner.java:291)
	at org.testng.SuiteRunner.run(SuiteRunner.java:240)
	at org.testng.SuiteRunnerWorker.runSuite(SuiteRunnerWorker.java:52)
	at org.testng.SuiteRunnerWorker.run(SuiteRunnerWorker.java:86)
	at org.testng.TestNG.runSuitesSequentially(TestNG.java:1198)
	at org.testng.TestNG.runSuitesLocally(TestNG.java:1123)
	at org.testng.TestNG.run(TestNG.java:1031)
	at org.apache.maven.surefire.testng.TestNGExecutor.run(TestNGExecutor.java:77)
	at org.apache.maven.surefire.testng.TestNGDirectoryTestSuite.executeMulti(TestNGDirectoryTestSuite.java:159)
	at org.apache.maven.surefire.testng.TestNGDirectoryTestSuite.execute(TestNGDirectoryTestSuite.java:99)
	at org.apache.maven.surefire.testng.TestNGProvider.invoke(TestNGProvider.java:106)
	at sun.reflect.NativeMethodAccessorImpl.invoke0(Native Method)
	at sun.reflect.NativeMethodAccessorImpl.invoke(NativeMethodAccessorImpl.java:62)
	at sun.reflect.DelegatingMethodAccessorImpl.invoke(DelegatingMethodAccessorImpl.java:43)
	at java.lang.reflect.Method.invoke(Method.java:498)
	at org.apache.maven.surefire.util.ReflectionUtils.invokeMethodWithArray(ReflectionUtils.java:189)
	at org.apache.maven.surefire.booter.ProviderFactory$ProviderProxy.invoke(ProviderFactory.java:165)
	at org.apache.maven.surefire.booter.ProviderFactory.invokeProvider(ProviderFactory.java:85)
	at org.apache.maven.surefire.booter.ForkedBooter.runSuitesInProcess(ForkedBooter.java:115)
	at org.apache.maven.surefire.booter.ForkedBooter.main(ForkedBooter.java:75)
Caused by: org.openqa.selenium.firefox.NotConnectedException: Unable to connect to host 127.0.0.1 on port 7055 after 45000 ms. Firefox console output:
\features\firefox@getpocket.com.xpi
1480192495602	addons.xpi	DEBUG	Calling bootstrap method startup on firefox@getpocket.com version 1.0.5
1480192495603	addons.xpi	DEBUG	Registering manifest for C:\Program Files\Mozilla Firefox\browser\features\webcompat@mozilla.org.xpi
1480192495604	addons.xpi	DEBUG	Calling bootstrap method startup on webcompat@mozilla.org version 1.0
1480192495606	addons.manager	DEBUG	Registering shutdown blocker for XPIProvider
1480192495606	addons.manager	DEBUG	Provider finished startup: XPIProvider
1480192495607	addons.manager	DEBUG	Starting provider: LightweightThemeManager
1480192495607	addons.manager	DEBUG	Registering shutdown blocker for LightweightThemeManager
1480192495607	addons.manager	DEBUG	Provider finished startup: LightweightThemeManager
1480192495607	addons.manager	DEBUG	Starting provider: GMPProvider
1480192495616	addons.manager	DEBUG	Registering shutdown blocker for GMPProvider
1480192495617	addons.manager	DEBUG	Provider finished startup: GMPProvider
1480192495617	addons.manager	DEBUG	Starting provider: PluginProvider
1480192495617	addons.manager	DEBUG	Registering shutdown blocker for PluginProvider
1480192495617	addons.manager	DEBUG	Provider finished startup: PluginProvider
1480192495618	addons.manager	DEBUG	Completed startup sequence
1480192497160	addons.manager	DEBUG	Starting provider: <unnamed-provider>
1480192497161	addons.manager	DEBUG	Registering shutdown blocker for <unnamed-provider>
1480192497161	addons.manager	DEBUG	Provider finished startup: <unnamed-provider>
1480192497421	DeferredSave.extensions.json	DEBUG	Write succeeded
1480192497422	addons.xpi-utils	DEBUG	XPI Database saved, setting schema version preference to 17
1480192497422	DeferredSave.extensions.json	DEBUG	Starting timer
1480192497443	addons.repository	DEBUG	No addons.json found.
1480192497444	DeferredSave.addons.json	DEBUG	Save changes
1480192497448	DeferredSave.addons.json	DEBUG	Starting timer
1480192497774	addons.manager	DEBUG	Starting provider: PreviousExperimentProvider
1480192497774	addons.manager	DEBUG	Registering shutdown blocker for PreviousExperimentProvider
1480192497774	addons.manager	DEBUG	Provider finished startup: PreviousExperimentProvider
1480192497782	DeferredSave.extensions.json	DEBUG	Starting write
1480192497785	DeferredSave.addons.json	DEBUG	Starting write
1480192497864	DeferredSave.extensions.json	DEBUG	Write succeeded
1480192497877	DeferredSave.addons.json	DEBUG	Write succeeded
JavaScript error: chrome://global/content/browser-child.js, line 332: NS_ERROR_MALFORMED_URI: Component returned failure code: 0x804b000a (NS_ERROR_MALFORMED_URI) [nsIWebNavigation.loadURIWithOptions]
1480192510090	addons.xpi	DEBUG	Calling bootstrap method shutdown on e10srollout@mozilla.org version 1.3
1480192510091	addons.xpi	DEBUG	Calling bootstrap method shutdown on firefox@getpocket.com version 1.0.5
1480192510092	addons.xpi	DEBUG	Calling bootstrap method shutdown on webcompat@mozilla.org version 1.0
[Child 6516] WARNING: pipe error: 109: file c:/builds/moz2_slave/m-beta-w32-0000000000000000000/build/src/ipc/chromium/src/chrome/common/ipc_channel_win.cc, line 346
[Child 6516] WARNING: pipe error: 109: file c:/builds/moz2_slave/m-beta-w32-0000000000000000000/build/src/ipc/chromium/src/chrome/common/ipc_channel_win.cc, line 346
1480192510598	addons.manager	DEBUG	shutdown
1480192510598	addons.manager	DEBUG	Calling shutdown blocker for XPIProvider
1480192510598	addons.xpi	DEBUG	shutdown
1480192510599	addons.xpi-utils	DEBUG	shutdown
1480192510599	addons.manager	DEBUG	Calling shutdown blocker for LightweightThemeManager
1480192510600	addons.manager	DEBUG	Calling shutdown blocker for GMPProvider
1480192510603	addons.manager	DEBUG	Calling shutdown blocker for PluginProvider
1480192510603	addons.manager	DEBUG	Calling shutdown blocker for <unnamed-provider>
1480192510606	addons.manager	DEBUG	Calling shutdown blocker for PreviousExperimentProvider
1480192510609	addons.xpi	DEBUG	Notifying XPI shutdown observers
1480192510615	addons.manager	DEBUG	Async provider shutdown done

	at org.openqa.selenium.firefox.internal.NewProfileExtensionConnection.start(NewProfileExtensionConnection.java:113)
	... 41 more
]]>
    </failure>
  </testcase> <!-- setup -->
</testsuite> <!-- com.test.first.sampleTest.LoginTest -->
